Removed Pin From Net: NetName=CH4_ADC_OUT Pin=U1-16
Removed Pin From Net: NetName=UART4_TX Pin=U1-23
Removed Pin From Net: NetName=UART4_RX Pin=U1-24
Removed Pin From Net: NetName=LED1 Pin=U1-29
Removed Pin From Net: NetName=BUZZER Pin=U1-32
Removed Pin From Net: NetName=NRF_IRQ Pin=U1-77
Removed Pin From Net: NetName=CAM_SIO_C Pin=U1-78
Removed Pin From Net: NetName=CAM_SIO_D Pin=U1-79
Removed Pin From Net: NetName=NRF_CE Pin=U1-84
Removed Pin From Net: NetName=NRF_CS Pin=U1-87
Removed Pin From Net: NetName=DHT_SDA Pin=U1-93
Removed Pin From Net: NetName=TOUCH_SCL Pin=U1-95
Removed Pin From Net: NetName=TOUCH_SDA Pin=U1-96
Removed Pin From Net: NetName=CH4_CTL Pin=U1-97
Removed Pin From Net: NetName=DHT_SCL Pin=U1-98
Added Pin To Net: NetName=DHT_SCL Pin=U1-1
Added Pin To Net: NetName=LED1 Pin=U1-17
Added Pin To Net: NetName=INF_OUT Pin=U1-23
Added Pin To Net: NetName=CAM_HREF Pin=U1-29
Added Pin To Net: NetName=CH4_ADC_OUT Pin=U1-32
Added Pin To Net: NetName=TOUCH_SCL Pin=U1-35
Added Pin To Net: NetName=TOUCH_SDA Pin=U1-36
Added Pin To Net: NetName=CH4_CTL Pin=U1-59
Added Pin To Net: NetName=CAM_XCLK Pin=U1-77
Added Pin To Net: NetName=UART4_TX Pin=U1-78
Added Pin To Net: NetName=UART4_RX Pin=U1-79
Added Pin To Net: NetName=NRF_IRQ Pin=U1-83
Added Pin To Net: NetName=CAM_SIO_C Pin=U1-84
Added Pin To Net: NetName=CAM_SIO_D Pin=U1-87
Added Pin To Net: NetName=CAM_VSYNC Pin=U1-93
Added Pin To Net: NetName=NRF_CS Pin=U1-95
Added Pin To Net: NetName=BUZZER Pin=U1-96
Added Pin To Net: NetName=NRF_CE Pin=U1-97
Added Pin To Net: NetName=DHT_SDA Pin=U1-98
Added Room: Name=SchV1
